d:\vs2017.数据\c++study\c++study\debug\vc141.pdb
d:\vs2017.数据\c++study\c++study\debug\vc141.idb
d:\vs2017.数据\c++study\c++study\debug\模板接口.obj
d:\vs2017.数据\c++study\c++study\debug\命名空间瀑布式开发.obj
d:\vs2017.数据\c++study\c++study\debug\可变参数函数模板.obj
d:\vs2017.数据\c++study\c++study\debug\testcpp.obj
d:\vs2017.数据\c++study\c++study\debug\test2.obj
d:\vs2017.数据\c++study\c++study\debug\test.obj
d:\vs2017.数据\c++study\c++study\debug\c++风格语法.obj
d:\vs2017.数据\c++study\c++study\debug\多线程调试.obj
d:\vs2017.数据\c++study\debug\c++study.exe
d:\vs2017.数据\c++study\debug\c++study.ilk
d:\vs2017.数据\c++study\debug\c++study.pdb
d:\vs2017.数据\c++study\c++study\debug\多线程调试.obj.enc
d:\vs2017.数据\c++study\c++study\debug\nativecodeanalysis.read.1.tlog
d:\vs2017.数据\c++study\c++study\debug\c++风格语法.nativecodeanalysis.xml
d:\vs2017.数据\c++study\c++study\debug\test.nativecodeanalysis.xml
d:\vs2017.数据\c++study\c++study\debug\test2.nativecodeanalysis.xml
d:\vs2017.数据\c++study\c++study\debug\testcpp.nativecodeanalysis.xml
d:\vs2017.数据\c++study\c++study\debug\vc.nativecodeanalysis.all.xml
d:\vs2017.数据\c++study\c++study\debug\可变参数函数模板.nativecodeanalysis.xml
d:\vs2017.数据\c++study\c++study\debug\命名空间瀑布式开发.nativecodeanalysis.xml
d:\vs2017.数据\c++study\c++study\debug\模板接口.nativecodeanalysis.xml
d:\vs2017.数据\c++study\c++study\debug\c++study.tlog\cl.command.1.tlog
d:\vs2017.数据\c++study\c++study\debug\c++study.tlog\cl.read.1.tlog
d:\vs2017.数据\c++study\c++study\debug\c++study.tlog\cl.write.1.tlog
d:\vs2017.数据\c++study\c++study\debug\c++study.tlog\link.command.1.tlog
d:\vs2017.数据\c++study\c++study\debug\c++study.tlog\link.read.1.tlog
d:\vs2017.数据\c++study\c++study\debug\c++study.tlog\link.write.1.tlog
