d:\vs2017.数据\c++study\x64\release\c++study.ipdb
d:\vs2017.数据\c++study\x64\release\c++study.iobj
d:\vs2017.数据\c++study\c++study\x64\release\vc141.pdb
d:\vs2017.数据\c++study\c++study\x64\release\模板接口.obj
d:\vs2017.数据\c++study\c++study\x64\release\多线程调试.obj
d:\vs2017.数据\c++study\c++study\x64\release\命名空间瀑布式开发.obj
d:\vs2017.数据\c++study\c++study\x64\release\可变参数函数模板.obj
d:\vs2017.数据\c++study\c++study\x64\release\testcpp.obj
d:\vs2017.数据\c++study\c++study\x64\release\test2.obj
d:\vs2017.数据\c++study\c++study\x64\release\test.obj
d:\vs2017.数据\c++study\c++study\x64\release\c++风格语法.obj
d:\vs2017.数据\c++study\x64\release\c++study.exe
d:\vs2017.数据\c++study\x64\release\c++study.pdb
d:\vs2017.数据\c++study\c++study\x64\release\c++study.tlog\c++study.write.1u.tlog
d:\vs2017.数据\c++study\c++study\x64\release\c++study.tlog\cl.command.1.tlog
d:\vs2017.数据\c++study\c++study\x64\release\c++study.tlog\cl.read.1.tlog
d:\vs2017.数据\c++study\c++study\x64\release\c++study.tlog\cl.write.1.tlog
d:\vs2017.数据\c++study\c++study\x64\release\c++study.tlog\link.command.1.tlog
d:\vs2017.数据\c++study\c++study\x64\release\c++study.tlog\link.read.1.tlog
d:\vs2017.数据\c++study\c++study\x64\release\c++study.tlog\link.write.1.tlog
